[    0.000000] Initializing cgroup subsys cpuset
[    0.000000] Initializing cgroup subsys cpu
[    0.000000] Initializing cgroup subsys cpuacct
[    0.000000] Linux version 4.4.0-166-generic (buildd@lcy01-amd64-020) (gcc version 5.4.0 20160609 (Ubuntu 5.4.0-6ubuntu1~16.04.10) ) #195-Ubuntu SMP Tue Oct 1 09:35:25 UTC 2019 (Ubuntu 4.4.0-166.195-generic 4.4.194)
[    0.000000] Command line: BOOT_IMAGE=/boot/vmlinuz-4.4.0-166-generic root=LABEL=cloudimg-rootfs ro console=tty1 console=ttyS0
[    0.000000] KERNEL supported cpus:
[    0.000000]   Intel GenuineIntel
[    0.000000]   AMD AuthenticAMD
[    0.000000]   Centaur CentaurHauls
[    0.000000] x86/fpu: xstate_offset[2]:  576, xstate_sizes[2]:  256
[    0.000000] x86/fpu: Supporting XSAVE feature 0x01: 'x87 floating point registers'
[    0.000000] x86/fpu: Supporting XSAVE feature 0x02: 'SSE registers'
[    0.000000] x86/fpu: Supporting XSAVE feature 0x04: 'AVX registers'
[    0.000000] x86/fpu: Enabled xstate features 0x7, context size is 832 bytes, using 'standard' format.
[    0.000000] e820: BIOS-provided physical RAM map:
[    0.000000] BIOS-e820: [mem 0x0000000000000000-0x000000000009fbff] usable
[    0.000000] BIOS-e820: [mem 0x000000000009fc00-0x000000000009ffff] reserved
[    0.000000] BIOS-e820: [mem 0x00000000000f0000-0x00000000000fffff] reserved
[    0.000000] BIOS-e820: [mem 0x0000000000100000-0x000000003ffeffff] usable
[    0.000000] BIOS-e820: [mem 0x000000003fff0000-0x000000003fffffff] ACPI data
[    0.000000] BIOS-e820: [mem 0x00000000fec00000-0x00000000fec00fff] reserved
[    0.000000] BIOS-e820: [mem 0x00000000fee00000-0x00000000fee00fff] reserved
[    0.000000] BIOS-e820: [mem 0x00000000fffc0000-0x00000000ffffffff] reserved
[    0.000000] NX (Execute Disable) protection: active
[    0.000000] SMBIOS 2.5 present.
[    0.000000] Hypervisor detected: KVM
[    0.000000] e820: last_pfn = 0x3fff0 max_arch_pfn = 0x400000000
[    0.000000] MTRR: Disabled
[    0.000000] x86/PAT: MTRRs disabled, skipping PAT initialization too.
[    0.000000] CPU MTRRs all blank - virtualized system.
[    0.000000] x86/PAT: Configuration [0-7]: WB  WT  UC- UC  WB  WT  UC- UC  
[    0.000000] found SMP MP-table at [mem 0x0009fff0-0x0009ffff] mapped at [ffff88000009fff0]
[    0.000000] Scanning 1 areas for low memory corruption
[    0.000000] RAMDISK: [mem 0x362f8000-0x37173fff]
[    0.000000] ACPI: Early table checksum verification disabled
[    0.000000] ACPI: RSDP 0x00000000000E0000 000024 (v02 VBOX  )
[    0.000000] ACPI: XSDT 0x000000003FFF0030 00003C (v01 VBOX   VBOXXSDT 00000001 ASL  00000061)
[    0.000000] ACPI: FACP 0x000000003FFF00F0 0000F4 (v04 VBOX   VBOXFACP 00000001 ASL  00000061)
[    0.000000] ACPI: DSDT 0x000000003FFF0470 0022EA (v02 VBOX   VBOXBIOS 00000002 INTL 20100528)
[    0.000000] ACPI: FACS 0x000000003FFF0200 000040
[    0.000000] ACPI: FACS 0x000000003FFF0200 000040
[    0.000000] ACPI: APIC 0x000000003FFF0240 00005C (v02 VBOX   VBOXAPIC 00000001 ASL  00000061)
[    0.000000] ACPI: SSDT 0x000000003FFF02A0 0001CC (v01 VBOX   VBOXCPUT 00000002 INTL 20100528)
[    0.000000] No NUMA configuration found
[    0.000000] Faking a node at [mem 0x0000000000000000-0x000000003ffeffff]
[    0.000000] NODE_DATA(0) allocated [mem 0x3ffeb000-0x3ffeffff]
[    0.000000] kvm-clock: Using msrs 4b564d01 and 4b564d00
[    0.000000] kvm-clock: cpu 0, msr 0:3ffe3001, primary cpu clock
[    0.000000] kvm-clock: using sched offset of 3954193993 cycles
[    0.000000] clocksource: kvm-clock: mask: 0xffffffffffffffff max_cycles: 0x1cd42e4dffb, max_idle_ns: 881590591483 ns
[    0.000000] Zone ranges:
[    0.000000]   DMA      [mem 0x0000000000001000-0x0000000000ffffff]
[    0.000000]   DMA32    [mem 0x0000000001000000-0x000000003ffeffff]
[    0.000000]   Normal   empty
[    0.000000]   Device   empty
[    0.000000] Movable zone start for each node
[    0.000000] Early memory node ranges
[    0.000000]   node   0: [mem 0x0000000000001000-0x000000000009efff]
[    0.000000]   node   0: [mem 0x0000000000100000-0x000000003ffeffff]
[    0.000000] Initmem setup node 0 [mem 0x0000000000001000-0x000000003ffeffff]
[    0.000000] ACPI: PM-Timer IO Port: 0x4008
[    0.000000] IOAPIC[0]: apic_id 2, version 32, address 0xfec00000, GSI 0-23
[    0.000000] ACPI: INT_SRC_OVR (bus 0 bus_irq 0 global_irq 2 dfl dfl)
[    0.000000] ACPI: INT_SRC_OVR (bus 0 bus_irq 9 global_irq 9 low level)
[    0.000000] Using ACPI (MADT) for SMP configuration information
[    0.000000] smpboot: Allowing 2 CPUs, 0 hotplug CPUs
[    0.000000] PM: Registered nosave memory: [mem 0x00000000-0x00000fff]
[    0.000000] PM: Registered nosave memory: [mem 0x0009f000-0x0009ffff]
[    0.000000] PM: Registered nosave memory: [mem 0x000a0000-0x000effff]
[    0.000000] PM: Registered nosave memory: [mem 0x000f0000-0x000fffff]
[    0.000000] e820: [mem 0x40000000-0xfebfffff] available for PCI devices
[    0.000000] Booting paravirtualized kernel on KVM
[    0.000000] clocksource: refined-jiffies: mask: 0xffffffff max_cycles: 0xffffffff, max_idle_ns: 7645519600211568 ns
[    0.000000] setup_percpu: NR_CPUS:512 nr_cpumask_bits:512 nr_cpu_ids:2 nr_node_ids:1
[    0.000000] PERCPU: Embedded 34 pages/cpu @ffff88003fc00000 s99544 r8192 d31528 u1048576
[    0.000000] Built 1 zonelists in Node order, mobility grouping on.  Total pages: 257912
[    0.000000] Policy zone: DMA32
[    0.000000] Kernel command line: BOOT_IMAGE=/boot/vmlinuz-4.4.0-166-generic root=LABEL=cloudimg-rootfs ro console=tty1 console=ttyS0
[    0.000000] PID hash table entries: 4096 (order: 3, 32768 bytes)
[    0.000000] Memory: 997716K/1048120K available (8623K kernel code, 1336K rwdata, 4036K rodata, 1488K init, 1288K bss, 50404K reserved, 0K cma-reserved)
[    0.000000] SLUB: HWalign=64, Order=0-3, MinObjects=0, CPUs=2, Nodes=1
[    0.000000] Kernel/User page tables isolation: enabled
[    0.000000] Hierarchical RCU implementation.
[    0.000000] 	Build-time adjustment of leaf fanout to 64.
[    0.000000] 	RCU restricting CPUs from NR_CPUS=512 to nr_cpu_ids=2.
[    0.000000] RCU: Adjusting geometry for rcu_fanout_leaf=64, nr_cpu_ids=2
[    0.000000] NR_IRQS:33024 nr_irqs:440 16
[    0.000000] Console: colour VGA+ 80x25
[    0.000000] console [tty1] enabled
[    0.000000] console [ttyS0] enabled
[    0.000000] tsc: Detected 2494.316 MHz processor
[    0.335637] Calibrating delay loop (skipped) preset value.. 4988.63 BogoMIPS (lpj=9977264)
[    0.338679] pid_max: default: 32768 minimum: 301
[    0.340611] ACPI: Core revision 20150930
[    0.345387] ACPI: 2 ACPI AML tables successfully acquired and loaded
[    0.347712] Security Framework initialized
[    0.349264] Yama: becoming mindful.
[    0.350535] AppArmor: AppArmor initialized
[    0.352166] Dentry cache hash table entries: 131072 (order: 8, 1048576 bytes)
[    0.356767] Inode-cache hash table entries: 65536 (order: 7, 524288 bytes)
[    0.361272] Mount-cache hash table entries: 2048 (order: 2, 16384 bytes)
[    0.363540] Mountpoint-cache hash table entries: 2048 (order: 2, 16384 bytes)
[    0.368047] Initializing cgroup subsys io
[    0.378724] Initializing cgroup subsys memory
[    0.387686] Initializing cgroup subsys devices
[    0.393274] Initializing cgroup subsys freezer
[    0.401096] Initializing cgroup subsys net_cls
[    0.405735] Initializing cgroup subsys perf_event
[    0.411201] Initializing cgroup subsys net_prio
[    0.414350] Initializing cgroup subsys hugetlb
[    0.417806] Initializing cgroup subsys pids
[    0.423270] mce: CPU supports 0 MCE banks
[    0.426276] Last level iTLB entries: 4KB 512, 2MB 8, 4MB 8
[    0.430781] Last level dTLB entries: 4KB 512, 2MB 32, 4MB 32, 1GB 0
[    0.435572] Spectre V1 : Mitigation: usercopy/swapgs barriers and __user pointer sanitization
[    0.443236] Spectre V2 : Mitigation: Full generic retpoline
[    0.454398] Spectre V2 : Spectre v2 / SpectreRSB mitigation: Filling RSB on context switch
[    0.460402] Speculative Store Bypass: Vulnerable
[    0.462887] MDS: Mitigation: Clear CPU buffers
[    0.476290] Freeing SMP alternatives memory: 36K
[    0.489189] ftrace: allocating 32296 entries in 127 pages
[    0.576565] smpboot: APIC(0) Converting physical 0 to logical package 0
[    0.579336] smpboot: Max logical packages: 1
[    0.582273] x2apic enabled
[    0.583927] Switched APIC routing to physical x2apic.
[    0.587404] ..TIMER: vector=0x30 apic1=0 pin1=2 apic2=-1 pin2=-1
[    0.699843] smpboot: CPU0: Intel(R) Core(TM) i5-3210M CPU @ 2.50GHz (family: 0x6, model: 0x3a, stepping: 0x9)
[    0.703770] Performance Events: unsupported p6 CPU model 58 no PMU driver, software events only.
[    0.720774] KVM setup paravirtual spinlock
[    0.723327] x86: Booting SMP configuration:
[    0.725604] .... node  #0, CPUs:      #1
[    0.728244] kvm-clock: cpu 1, msr 0:3ffe3041, secondary cpu clock
[    0.732101] mce: CPU supports 0 MCE banks
[    0.735252] x86: Booted up 1 node, 2 CPUs
[    0.737336] smpboot: Total of 2 processors activated (9977.26 BogoMIPS)
[    0.740737] devtmpfs: initialized
[    0.745077] evm: security.selinux
[    0.746326] evm: security.SMACK64
[    0.747468] evm: security.SMACK64EXEC
[    0.749772] evm: security.SMACK64TRANSMUTE
[    0.751142] evm: security.SMACK64MMAP
[    0.752730] evm: security.ima
[    0.753983] evm: security.capability
[    0.756098] clocksource: jiffies: mask: 0xffffffff max_cycles: 0xffffffff, max_idle_ns: 7645041785100000 ns
[    0.759330] futex hash table entries: 512 (order: 3, 32768 bytes)
[    0.762333] pinctrl core: initialized pinctrl subsystem
[    0.764396] RTC time:  8:40:21, date: 11/13/19
[    0.766040] NET: Registered protocol family 16
[    0.779999] cpuidle: using governor ladder
[    0.792082] cpuidle: using governor menu
[    0.793989] PCCT header not found.
[    0.795717] ACPI: bus type PCI registered
[    0.797921] acpiphp: ACPI Hot Plug PCI Controller Driver version: 0.5
[    0.800874] PCI: Using configuration type 1 for base access
[    0.816905] ACPI: Added _OSI(Module Device)
[    0.819083] ACPI: Added _OSI(Processor Device)
[    0.822004] ACPI: Added _OSI(3.0 _SCP Extensions)
[    0.824851] ACPI: Added _OSI(Processor Aggregator Device)
[    0.830817] ACPI: Executed 1 blocks of module-level executable AML code
[    0.837432] ACPI: Interpreter enabled
[    0.843047] ACPI: (supports S0 S5)
[    0.846903] ACPI: Using IOAPIC for interrupt routing
[    0.851711] PCI: Using host bridge windows from ACPI; if necessary, use "pci=nocrs" and report a bug
[    0.860772] ACPI: PCI Root Bridge [PCI0] (domain 0000 [bus 00-ff])
[    0.863408] acpi PNP0A03:00: _OSC: OS supports [ASPM ClockPM Segments MSI]
[    0.865802] acpi PNP0A03:00: _OSC: not requesting OS control; OS requires [ExtendedConfig ASPM ClockPM MSI]
[    0.871395] acpi PNP0A03:00: fail to add MMCONFIG information, can't access extended PCI configuration space under this bridge.
[    0.880274] PCI host bridge to bus 0000:00
[    0.882472] pci_bus 0000:00: root bus resource [io  0x0000-0x0cf7 window]
[    0.887766] pci_bus 0000:00: root bus resource [io  0x0d00-0xffff window]
[    0.898113] pci_bus 0000:00: root bus resource [mem 0x000a0000-0x000bffff window]
[    0.903391] pci_bus 0000:00: root bus resource [mem 0x40000000-0xfdffffff window]
[    0.931464] pci_bus 0000:00: root bus resource [bus 00-ff]
[    0.967928] pci 0000:00:01.1: legacy IDE quirk: reg 0x10: [io  0x01f0-0x01f7]
[    0.983424] pci 0000:00:01.1: legacy IDE quirk: reg 0x14: [io  0x03f6]
[    0.997656] pci 0000:00:01.1: legacy IDE quirk: reg 0x18: [io  0x0170-0x0177]
[    1.012808] pci 0000:00:01.1: legacy IDE quirk: reg 0x1c: [io  0x0376]
[    1.177031] pci 0000:00:07.0: quirk: [io  0x4000-0x403f] claimed by PIIX4 ACPI
[    1.183817] pci 0000:00:07.0: quirk: [io  0x4100-0x410f] claimed by PIIX4 SMB
[    1.234516] ACPI: PCI Interrupt Link [LNKA] (IRQs 5 9 10 *11)
[    1.243489] ACPI: PCI Interrupt Link [LNKB] (IRQs 5 9 *10 11)
[    1.250015] ACPI: PCI Interrupt Link [LNKC] (IRQs 5 *9 10 11)
[    1.258414] ACPI: PCI Interrupt Link [LNKD] (IRQs 5 9 10 *11)
[    1.264087] ACPI: Enabled 2 GPEs in block 00 to 07
[    1.274651] vgaarb: setting as boot device: PCI:0000:00:02.0
[    1.277665] vgaarb: device added: PCI:0000:00:02.0,decodes=io+mem,owns=io+mem,locks=none
[    1.285586] vgaarb: loaded
[    1.293946] vgaarb: bridge control possible 0000:00:02.0
[    1.299835] SCSI subsystem initialized
[    1.315357] ACPI: bus type USB registered
[    1.320079] usbcore: registered new interface driver usbfs
[    1.329064] usbcore: registered new interface driver hub
[    1.335184] usbcore: registered new device driver usb
[    1.347125] PCI: Using ACPI for IRQ routing
[    1.361207] NetLabel: Initializing
[    1.364077] NetLabel:  domain hash size = 128
[    1.376857] NetLabel:  protocols = UNLABELED CIPSOv4
[    1.383154] NetLabel:  unlabeled traffic allowed by default
[    1.393924] amd_nb: Cannot enumerate AMD northbridges
[    1.396973] clocksource: Switched to clocksource kvm-clock
[    1.431055] AppArmor: AppArmor Filesystem Enabled
[    1.434524] pnp: PnP ACPI init
[    1.448506] pnp: PnP ACPI: found 3 devices
[    1.486798] clocksource: acpi_pm: mask: 0xffffff max_cycles: 0xffffff, max_idle_ns: 2085701024 ns
[    1.495423] NET: Registered protocol family 2
[    1.498624] TCP established hash table entries: 8192 (order: 4, 65536 bytes)
[    1.508965] TCP bind hash table entries: 8192 (order: 5, 131072 bytes)
[    1.512738] TCP: Hash tables configured (established 8192 bind 8192)
[    1.517742] UDP hash table entries: 512 (order: 2, 16384 bytes)
[    1.522814] UDP-Lite hash table entries: 512 (order: 2, 16384 bytes)
[    1.527580] NET: Registered protocol family 1
[    1.530879] pci 0000:00:00.0: Limiting direct PCI/PCI transfers
[    1.540080] pci 0000:00:01.0: Activating ISA DMA hang workarounds
[    1.545801] Unpacking initramfs...
[    1.988247] Freeing initrd memory: 14832K
[    1.990279] RAPL PMU detected, API unit is 2^-32 Joules, 3 fixed counters 10737418240 ms ovfl timer
[    1.993220] hw unit of domain pp0-core 2^-0 Joules
[    1.994791] hw unit of domain package 2^-0 Joules
[    1.996744] hw unit of domain pp1-gpu 2^-0 Joules
[    1.999174] clocksource: tsc: mask: 0xffffffffffffffff max_cycles: 0x23f4406cc0d, max_idle_ns: 440795293671 ns
[    2.003838] platform rtc_cmos: registered platform RTC device (no PNP device found)
[    2.006403] Scanning for low memory corruption every 60 seconds
[    2.009631] audit: initializing netlink subsys (disabled)
[    2.011396] audit: type=2000 audit(1573634427.791:1): initialized
[    2.014828] Initialise system trusted keyring
[    2.017364] HugeTLB registered 2 MB page size, pre-allocated 0 pages
[    2.020681] zbud: loaded
[    2.022124] VFS: Disk quotas dquot_6.6.0
[    2.023466] VFS: Dquot-cache hash table entries: 512 (order 0, 4096 bytes)
[    2.026374] squashfs: version 4.0 (2009/01/31) Phillip Lougher
[    2.028603] fuse init (API version 7.23)
[    2.030385] Key type big_key registered
[    2.031699] Allocating IMA MOK and blacklist keyrings.
[    2.034946] Key type asymmetric registered
[    2.036293] Asymmetric key parser 'x509' registered
[    2.038243] Block layer SCSI generic (bsg) driver version 0.4 loaded (major 249)
[    2.040807] io scheduler noop registered
[    2.042412] io scheduler deadline registered (default)
[    2.044245] io scheduler cfq registered
[    2.045825] pci_hotplug: PCI Hot Plug PCI Core version: 0.5
[    2.047563] pciehp: PCI Express Hot Plug Controller Driver version: 0.4
[    2.050425] ACPI: AC Adapter [AC] (on-line)
[    2.051890] input: Power Button as /devices/LNXSYSTM:00/LNXPWRBN:00/input/input0
[    2.054654] ACPI: Power Button [PWRF]
[    2.056085] input: Sleep Button as /devices/LNXSYSTM:00/LNXSLPBN:00/input/input1
[    2.058859] ACPI: Sleep Button [SLPF]
[    2.060506] GHES: HEST is not enabled!
[    2.062043] Serial: 8250/16550 driver, 32 ports, IRQ sharing enabled
[    2.062979] ACPI: Battery Slot [BAT0] (battery present)
[    2.086590] 00:02: ttyS at I/O 0x3f8 (irq = 4, base_baud= 115200) is a 16550A
[    2.093826] Linux agpgart interface v0.103
[    2.097693] loop: module loaded
[    2.099843] scsi host0: ata_piix
[    2.101240] scsi host1: ata_piix
[    2.102413] ata1: PATA max UDMA/33 cmd 0x1f0 ctl 0x3f6 bmdma 0xd000 irq 14
[    2.104466] ata2: PATA max UDMA/33 cmd 0x170 ctl 0x376 bmdma 0xd008 irq 15
[    2.107318] libphy: Fixed MDIO Bus: probed
[    2.108894] tun: Universal TUN/TAP device driver, 1.6
[    2.110665] tun: (C) 1999-2004 Max Krasnyansky <maxk@qualcomm.com>
[    2.113017] PPP generic driver version 2.4.2
[    2.114613] ehci_hcd: USB 2.0 'Enhanced' Host Controller (EHCI) Driver
[    2.116590] ehci-pci: EHCI PCI platform driver
[    2.118707] ehci-platform: EHCI generic platform driver
[    2.120376] ohci_hcd: USB 1.1 'Open' Host Controller (OHCI) Driver
[    2.122391] ohci-pci: OHCI PCI platform driver
[    2.123854] ohci-platform: OHCI generic platform driver
[    2.125551] uhci_hcd: USB Universal Host Controller Interface driver
[    2.127795] i8042: PNP: PS/2 Controller [PNP0303:PS2K,PNP0f03:PS2M] at 0x60,0x64 irq 1,12
[    2.131377] serio: i8042 KBD port at 0x60,0x64 irq 1
[    2.133443] serio: i8042 AUX port at 0x60,0x64 irq 12
[    2.135279] mousedev: PS/2 mouse device common for all mice
[    2.137657] rtc_cmos rtc_cmos: rtc core: registered rtc_cmos as rtc0
[    2.140200] rtc_cmos rtc_cmos: alarms up to one day, 114 bytes nvram
[    2.142316] i2c /dev entries driver
[    2.143841] input: AT Translated Set 2 keyboard as /devices/platform/i8042/serio0/input/input2
[    2.147122] device-mapper: uevent: version 1.0.3
[    2.149200] device-mapper: ioctl: 4.34.0-ioctl (2015-10-28) initialised: dm-devel@redhat.com
[    2.152069] ledtrig-cpu: registered to indicate activity on CPUs
[    2.155333] NET: Registered protocol family 10
[    2.157102] NET: Registered protocol family 17
[    2.158602] Key type dns_resolver registered
[    2.160298] registered taskstats version 1
[    2.161892] Loading compiled-in X.509 certificates
[    2.164117] Loaded X.509 cert 'Build time autogenerated kernel key: 75bc1b51278a37d3abb49bab6b1b0161a6cc9ec0'
[    2.168043] zswap: loaded using pool lzo/zbud
[    2.172189] Key type trusted registered
[    2.178361] Key type encrypted registered
[    2.179829] AppArmor: AppArmor sha1 policy hashing enabled
[    2.181661] ima: No TPM chip found, activating TPM-bypass!
[    2.183407] ima: Allocated hash algorithm: sha1
[    2.184912] evm: HMAC attrs: 0x1
[    2.187215]   Magic number: 11:985:674
[    2.188609] rtc_cmos rtc_cmos: setting system clock to 2019-11-13 08:40:23 UTC (1573634423)
[    2.192040] BIOS EDD facility v0.16 2004-Jun-25, 0 devices found
[    2.194029] EDD information not available.
[    2.262922] Freeing unused kernel memory: 1488K
[    2.264893] Write protecting the kernel read-only data: 14336k
[    2.267802] Freeing unused kernel memory: 1604K
[    2.269808] Freeing unused kernel memory: 60K
Loading, please wait...
starting version 229
[    2.289208] random: systemd-udevd: uninitialized urandom read (16 bytes read, 3 bits of entropy available)
[    2.290528] random: udevadm: uninitialized urandom read (16 bytes read, 3 bits of entropy available)
[    2.290553] random: udevadm: uninitialized urandom read (16 bytes read, 3 bits of entropy available)
[    2.303993] random: udevadm: uninitialized urandom read (16 bytes read, 3 bits of entropy available)
[    2.304082] random: udevadm: uninitialized urandom read (16 bytes read, 3 bits of entropy available)
[    2.304393] random: udevadm: uninitialized urandom read (16 bytes read, 3 bits of entropy available)
[    2.304521] random: udevadm: uninitialized urandom read (16 bytes read, 3 bits of entropy available)
[    2.304640] random: udevadm: uninitialized urandom read (16 bytes read, 3 bits of entropy available)
[    2.304765] random: udevadm: uninitialized urandom read (16 bytes read, 3 bits of entropy available)
[    2.304889] random: udevadm: uninitialized urandom read (16 bytes read, 3 bits of entropy available)
[    2.387974] Fusion MPT base driver 3.04.20
[    2.391618] Copyright (c) 1999-2008 LSI Corporation
[    2.409423] e1000: Intel(R) PRO/1000 Network Driver - version 7.3.21-k8-NAPI
[    2.411927] e1000: Copyright (c) 1999-2006 Intel Corporation.
[    2.442052] AVX version of gcm_enc/dec engaged.
[    2.443673] AES CTR mode by8 optimization enabled
[    2.445526] Fusion MPT SPI Host driver 3.04.20
[    2.624813] input: ImExPS/2 Generic Explorer Mouse as /devices/platform/i8042/serio1/input/input4
[    2.936330] e1000 0000:00:03.0 eth0: (PCI:33MHz:32-bit) 02:8c:08:c8:5e:c0
[    2.939457] e1000 0000:00:03.0 eth0: Intel(R) PRO/1000 Network Connection
[    2.943542] mptbase: ioc0: Initiating bringup
[    3.005445] ioc0: LSI53C1030 A0: Capabilities={Initiator}
[    3.182243] scsi host2: ioc0: LSI53C1030 A0, FwRev=00000000h, Ports=1, MaxQ=256, IRQ=20
[    3.386269] scsi 2:0:0:0: Direct-Access     VBOX     HARDDISK         1.0  PQ: 0 ANSI: 5
[    3.391630] scsi target2:0:0: Beginning Domain Validation
[    3.400044] scsi target2:0:0: Domain Validation skipping write tests
[    3.404680] scsi target2:0:0: Ending Domain Validation
[    3.407454] scsi target2:0:0: asynchronous
[    3.423559] scsi 2:0:1:0: Direct-Access     VBOX     HARDDISK         1.0  PQ: 0 ANSI: 5
[    3.460002] scsi target2:0:1: Beginning Domain Validation
[    3.471957] scsi target2:0:1: Domain Validation skipping write tests
[    3.475633] scsi target2:0:1: Ending Domain Validation
[    3.484650] scsi target2:0:1: asynchronous
[    3.514051] sd 2:0:0:0: Attached scsi generic sg0 type 0
[    3.514188] sd 2:0:0:0: [sda] 20971520 512-byte logical blocks: (10.7 GB/10.0 GiB)
[    3.521179] sd 2:0:0:0: [sda] Write Protect is off
[    3.526203] sd 2:0:0:0: [sda] Incomplete mode parameter data
[    3.528814] sd 2:0:0:0: [sda] Assuming drive cache: write through
[    3.541376] sd 2:0:1:0: Attached scsi generic sg1 type 0
[    3.543928] sd 2:0:1:0: [sdb] 20480 512-byte logical blocks: (10.5 MB/10.0 MiB)
[    3.547778] sd 2:0:1:0: [sdb] Write Protect is off
[    3.550215] sd 2:0:1:0: [sdb] Incomplete mode parameter data
[    3.552026] sd 2:0:1:0: [sdb] Assuming drive cache: write through
[    3.555621]  sda: sda1
[    3.558152] sd 2:0:0:0: [sda] Attached SCSI disk
[    3.562655] sd 2:0:1:0: [sdb] Attached SCSI disk
[    4.072055] e1000 0000:00:08.0 eth1: (PCI:33MHz:32-bit) 08:00:27:d1:82:01
[    4.075963] e1000 0000:00:08.0 eth1: Intel(R) PRO/1000 Network Connection
[    4.089300] e1000 0000:00:08.0 enp0s8: renamed from eth1
[    4.109960] e1000 0000:00:03.0 enp0s3: renamed from eth0
Begin: Loading essential drivers ... [    5.547495] md: linear personality registered for level -1
[    5.552966] md: multipath personality registered for level -4
[    5.558518] md: raid0 personality registered for level 0
[    5.566185] md: raid1 personality registered for level 1
[    5.645152] raid6: sse2x1   gen()  7274 MB/s
[    5.713570] raid6: sse2x1   xor()  5677 MB/s
[    5.781599] raid6: sse2x2   gen()  8533 MB/s
[    5.849281] raid6: sse2x2   xor()  7039 MB/s
[    5.917289] raid6: sse2x4   gen() 11031 MB/s
[    5.985190] raid6: sse2x4   xor()  8168 MB/s
[    5.986790] raid6: using algorithm sse2x4 gen() 11031 MB/s
[    5.988577] raid6: .... xor() 8168 MB/s, rmw enabled
[    5.990308] raid6: using ssse3x2 recovery algorithm
[    5.993822] xor: automatically using best checksumming function:
[    6.033098]    avx       : 21469.000 MB/sec
[    6.036264] async_tx: api initialized (async)
[    6.055200] md: raid6 personality registered for level 6
[    6.057637] md: raid5 personality registered for level 5
[    6.061259] md: raid4 personality registered for level 4
[    6.072756] md: raid10 personality registered for level 10
done.
Begin: Running /scripts/init-premount ... done.
Begin: Mounting root file system ... Begin: Running /scripts/local-top ... done.
Begin: Running /scripts/local-premount ... [    6.165865] Btrfs loaded
Scanning for Btrfs filesystems
done.
Warning: fsck not present, so skipping root file system
[    6.220945] EXT4-fs (sda1): mounted filesystem with ordered data mode. Opts: (null)
done.
Begin: Running /scripts/local-bottom ... done.
Begin: Running /scripts/init-bottom ... done.
[    6.317203] systemd[1]: systemd 229 running in system mode. (+PAM +AUDIT +SELINUX +IMA +APPARMOR +SMACK +SYSVINIT +UTMP +LIBCRYPTSETUP +GCRYPT +GNUTLS +ACL +XZ -LZ4 +SECCOMP +BLKID +ELFUTILS +KMOD -IDN)
[    6.322822] systemd[1]: Detected virtualization oracle.
[    6.324508] systemd[1]: Detected architecture x86-64.

Welcome to [1mUbuntu 16.04.6 LTS[0m!

[    6.330372] systemd[1]: Set hostname to <ubuntu>.
[    6.334575] systemd[1]: Initializing machine ID from random generator.
[    6.336613] systemd[1]: Installed transient /etc/machine-id file.
[    6.505613] systemd[1]: Listening on Journal Socket (/dev/log).
[[0;32m  OK  [0m] Listening on Journal Socket (/dev/log).
[    6.509569] systemd[1]: Set up automount Arbitrary Executable File Formats File System Automount Point.
[[0;32m  OK  [0m] Set up automount Arbitrary Executab...ats File System Automount Point.
[    6.514861] systemd[1]: Listening on udev Kernel Socket.
[[0;32m  OK  [0m] Listening on udev Kernel Socket.
[    6.518178] systemd[1]: Listening on udev Control Socket.
[[0;32m  OK  [0m] Listening on udev Control Socket.
[    6.521786] systemd[1]: Listening on /dev/initctl Compatibility Named Pipe.
[[0;32m  OK  [0m] Listening on /dev/initctl Compatibility Named Pipe.
[    6.525910] systemd[1]: Listening on Syslog Socket.
[[0;32m  OK  [0m] Listening on Syslog Socket.
[    6.529141] systemd[1]: Reached target Encrypted Volumes.
[[0;32m  OK  [0m] Reached target Encrypted Volumes.
[    6.532808] systemd[1]: Created slice User and Session Slice.
[[0;32m  OK  [0m] Created slice User and Session Slice.
[    6.536441] systemd[1]: Listening on LVM2 poll daemon socket.
[[0;32m  OK  [0m] Listening on LVM2 poll daemon socket.
[    6.540008] systemd[1]: Started Trigger resolvconf update for networkd DNS.
[[0;32m  OK  [0m] Started Trigger resolvconf update for networkd DNS.
[    6.544177] systemd[1]: Started Forward Password Requests to Wall Directory Watch.
[[0;32m  OK  [0m] Started Forward Password Requests to Wall Directory Watch.
[    7.000786] systemd[1]: Listening on Journal Audit Socket.
[[0;32m  OK  [0m] Listening on Journal Audit Socket.
[    7.037789] systemd[1]: Listening on Device-mapper event daemon FIFOs.
[[0;32m  OK  [0m] Listening on Device-mapper event daemon FIFOs.
[    7.043476] systemd[1]: Created slice System Slice.
[[0;32m  OK  [0m] Created slice System Slice.
[    7.047053] systemd[1]: Reached target Slices.
[[0;32m  OK  [0m] Reached target Slices.
[    7.051092] systemd[1]: Created slice system-serial\x2dgetty.slice.
[[0;32m  OK  [0m] Created slice system-serial\x2dgetty.slice.
[    7.055216] systemd[1]: Reached target Swap.
[[0;32m  OK  [0m] Reached target Swap.
[    7.058183] systemd[1]: Listening on LVM2 metadata daemon socket.
[[0;32m  OK  [0m] Listening on LVM2 metadata daemon socket.
[    7.061902] systemd[1]: Reached target System Time Synchronized.
[[0;32m  OK  [0m] Reached target System Time Synchronized.
[    7.065503] systemd[1]: Reached target User and Group Name Lookups.
[[0;32m  OK  [0m] Reached target User and Group Name Lookups.
[    7.069321] systemd[1]: Listening on Journal Socket.
[[0;32m  OK  [0m] Listening on Journal Socket.
[    7.085978] systemd[1]: Starting Create list of required static device nodes for the current kernel...
         Starting Create list of required st... nodes for the current kernel...
[    7.095081] systemd[1]: Starting Set console keymap...
         Starting Set console keymap...
[    7.100511] systemd[1]: Mounting POSIX Message Queue File System...
         Mounting POSIX Message Queue File System...
[    7.105462] systemd[1]: Mounting Debug File System...
         Mounting Debug File System...
[    7.110216] systemd[1]: Starting Remount Root and Kernel File Systems...
         Starting Remount Root and Kernel File Systems...
[    7.115396] systemd[1]: Mounting Huge Pages File System...
         Mounting Huge Pages File System...
[    7.122426] EXT4-fs (sda1): re-mounted. Opts: (null)
[    7.126492] systemd[1]: Starting Uncomplicated firewall...
         Starting Uncomplicated firewall...
[    7.134396] systemd[1]: Starting Nameserver information manager...
         Starting Nameserver information manager...
[    7.142872] systemd[1]: Starting Journal Service...
         Starting Journal Service...
[    7.149984] systemd[1]: Starting Monitoring of LVM2 mirrors, snapshots etc. using dmeventd or progress polling...
         Starting Monitoring of LVM2 mirrors... dmeventd or progress polling...
[    7.162889] systemd[1]: Starting Load Kernel Modules...
         Starting Load Kernel Modules...
[    7.168708] systemd[1]: Mounted Debug File System.
[[0;32m  OK  [0m] Mounted Debug File System.
[    7.176433] systemd[1]: Mounted POSIX Message Queue File System.
[[0;32m  OK  [0m] Mounted POSIX Message Queue File System.
[    7.183368] systemd[1]: Mounted Huge Pages File System.
[[0;32m  OK  [0m] Mounted Huge Pages File System.
[    7.192221] systemd[1]: Started Create list of required static device nodes for the current kernel.
[[0;32m  OK  [0m] Started Create list of required sta...ce nodes for the current kernel.
[    7.205713] systemd[1]: Started Set console keymap.
[[0;32m  OK  [[    7.223937] Loading iSCSI transport class v2.0-870.
0m] Started Set console keymap.
[    7.229885] systemd[1]: Started Remount Root and Kernel File Systems.
[[0;32m  OK  [0m] Started Remount Root and Kernel File Systems.
[    7.237378] systemd[1]: Started Uncomplicated firewall.
[[0;32m  OK  [0m] Started Uncomplicated firewall.
[    7.254669] iscsi: registered transport (tcp)
[    7.261778] systemd[1]: Started Journal Service.
[[0;32m  OK  [0m] Started Journal Service.
[[0;32m  OK  [0m] Started Nameserver information manager.
[    7.377930] iscsi: registered transport (iser)
[[0;32m  OK  [0m] Started Load Kernel Modules.
         Mounting FUSE Control File System...
         Starting Apply Kernel Variables...
[[0;32m  OK  [0m] Started LVM2 metadata daemon.
         Starting Load/Save Random Seed...
         Starting Flush Journal to Persistent Storage...
         Starting udev Coldplug all Devices...
         Starting Create Static Device Nodes in /dev...
[[0;32m  OK  [0m] Mounted FUSE Control File System.
[[0;32m  OK  [0m] Started Load/Save Random Seed.
[[0;32m  OK  [0m] Started Apply Kernel Variables.
[[0;32m  OK  [0m] Started Create Static Device Nodes in /dev.
[[0;32m  OK  [0m] Started Flush Journal to Persistent Storage.
         Starting udev Kernel Device Manager...
[[0;32m  OK  [0m] Started udev Coldplug all Devices.
[[0;32m  OK  [0m] Started udev Kernel Device Manager.
[[0;32m  OK  [0m] Started Dispatch Password Requests to Console Directory Watch.
[[0;32m  OK  [0m] Found device /dev/ttyS0.
[[0;32m  OK  [0m] Started Monitoring of LVM2 mirrors,...ng dmeventd or progress polling.
[[0;32m  OK  [0m] Reached target Local File Systems (Pre).
[[0;32m  OK  [0m] Reached target Local File Systems.
         Starting Tell Plymouth To Write Out Runtime Data...
         Starting Set console font and keymap...
         Starting Commit a transient machine-id on disk...
         Starting Create Volatile Files and Directories...
         Starting Initial cloud-init job (pre-networking)...
         Starting LSB: AppArmor initialization...
[[0;32m  OK  [0m] Started Tell Plymouth To Write Out Runtime Data.
[[0;32m  OK  [0m] Started Commit a transient machine-id on disk.
[[0;32m  OK  [0m] Started Create Volatile Files and Directories.
         Starting Update UTMP about System Boot/Shutdown...
[[0;32m  OK  [0m] Listening on Load/Save RF Kill Switch Status /dev/rfkill Watch.
[[0;32m  OK  [0m] Started Update UTMP about System Boot/Shutdown.
[[0;32m  OK  [0m] Started LSB: AppArmor initialization.
[    8.645109] cloud-init[559]: Cloud-init v. 19.2-36-g059d049c-0ubuntu2~16.04.1 running 'init-local' at Wed, 13 Nov 2019 08:40:30 +0000. Up 8.21 seconds.
[[0;32m  OK  [0m] Started Initial cloud-init job (pre-networking).
[[0;32m  OK  [0m] Reached target Network (Pre).
         Starting Raise network interfaces...
[[0;32m  OK  [0m] Started Set console font and keymap.
[[0;32m  OK  [0m] Created slice system-getty.slice.
[[0;32m  OK  [0m] Started Raise network interfaces.
[[0;32m  OK  [0m] Reached target Network.
         Starting Initial cloud-init job (metadata service crawler)...
[   10.554274] cloud-init[972]: Cloud-init v. 19.2-36-g059d049c-0ubuntu2~16.04.1 running 'init' at Wed, 13 Nov 2019 08:40:31 +0000. Up 9.62 seconds.
[   10.557907] cloud-init[972]: ci-info: ++++++++++++++++++++++++++++++++++++++Net device info++++++++++++++++++++++++++++++++++++++
[   10.561932] cloud-init[972]: ci-info: +--------+-------+---------------------------+---------------+--------+-------------------+
[   10.565458] cloud-init[972]: ci-info: | Device |   Up  |          Address          |      Mask     | Scope  |     Hw-Address    |
[   10.568966] cloud-init[972]: ci-info: +--------+-------+---------------------------+---------------+--------+-------------------+
[   10.572599] cloud-init[972]: ci-info: | enp0s3 |  True |         10.0.2.15         | 255.255.255.0 | global | 02:8c:08:c8:5e:c0 |
[   10.576438] cloud-init[972]: ci-info: | enp0s3 |  True | fe80::8c:8ff:fec8:5ec0/64 |       .       |  link  | 02:8c:08:c8:5e:c0 |
[   10.580003] cloud-init[972]: ci-info: | enp0s8 | False |             .             |       .       |   .    | 08:00:27:d1:82:01 |
[   10.583659] cloud-init[972]: ci-info: |   lo   |  True |         127.0.0.1         |   255.0.0.0   |  host  |         .         |
[   10.587037] cloud-init[972]: ci-info: |   lo   |  True |          ::1/128          |       .       |  host  |         .         |
[   10.592790] cloud-init[972]: ci-info: +--------+-------+---------------------------+---------------+--------+-------------------+
[   10.597706] cloud-init[972]: ci-info: +++++++++++++++++++++++++++Route IPv4 info++++++++++++++++++++++++++++
[   10.602396] cloud-init[972]: ci-info: +-------+-------------+----------+---------------+-----------+-------+
[   10.611213] cloud-init[972]: ci-info: | Route | Destination | Gateway  |    Genmask    | Interface | Flags |
[   10.616371] cloud-init[972]: ci-info: +-------+-------------+----------+---------------+-----------+-------+
[   10.620345] cloud-init[972]: ci-info: |   0   |   0.0.0.0   | 10.0.2.2 |    0.0.0.0    |   enp0s3  |   UG  |[[0;32m  OK  [0m] Started Initial cloud-init job (metadata service crawler).
[[0;32m  OK  [0m] Reached target System Initialization.
[[0;32m  OK  [0m] Started Daily apt download activities.

[   10.630196] cloud-init[972]: ci-info: |   1   |   10.0.2.0  | 0.0.0.0  | 255.255.255.0 |   enp0s3  |   U   |
[   10.630468] cloud-init[972]: ci-info: +-------+-------------+----------+---------------+-----------+-------+
[   10.633557] cloud-init[972]: ci-info: +++++++++++++++++++Route IPv6 info+++++++++++++++++++
[   10.636178] cloud-init[972]: ci-info: +-------+-------------+---------+-----------+-------+
[   10.636370] cloud-init[972]: [[0;32m  OK  [0m] Started Daily apt upgrade and clean activities.
ci-info: | Route | Destination | Gateway | Interface | Flags |
[   10.645406] cloud-init[972]: ci-info: +-------+-------------+---------+-----------+-------+
[   10.645668] cloud-init[972]: ci-info: |   0   |  fe80::/64  |    ::   |   enp0s3  |   U   |
[   10.648485] cloud-init[972]: ci-info: |   3   |   ff00::/8  |    ::   |   enp0s3  |   U   |
[   10.651000] cloud-init[972]: ci-info: +-------+-------------+---------+-----------+-------+
[   10.653970] cloud-init[972]: Generating public/private rsa key pair.
[   10.656439] cloud-init[972]: Your identification has been saved in /etc/ssh/ssh_host_rsa_key.
[   10.658502] cloud-init[972]: Your public key has been saved in /etc/ssh/ssh_host_rsa_key.pub.
[   10.661485] cloud-init[972]: The key fingerprint is:
[   10.663936] cloud-init[972]: SHA256:09U43Mug5gcd1Jshx9Tw5pKoeayTdr+PdF0JwylSccg root@ubuntu-xenial
[   10.665201] cloud-init[972]: The key's randomart image is:
[   10.668854] cloud-init[972]: +---[RSA 2048]----+
[   10.669982] cloud-init[972]: |          .o+=oo |
[[   10.672207] cloud-init[972]: |          .E++*..|
[   10.672312] cloud-init[972]: |         . .BBo+o|
[   10.673823] cloud-init[972]: |         ..+.*==.|
[   10.675249] cloud-init[972]: |        S = o =.o|
[   10.676288] cloud-init[972]: |         + =   .o|
[   10.676884] cloud-init[972]: |          +.+ . o|
[   10.678492] cloud-init[972]: |          ++.. o |
[   10.679803] cloud-init[972]: |         ..o .+o.|
[   10.681678] cloud-init[972]: +----[SHA256]-----+
[   10.682805] cloud-init[972]: Generating public/private dsa key pair.
[   10.684756] cloud-init[972]: Your identification has been saved in /etc/ssh/ssh_host_dsa_key.
[   10.686797] cloud-init[972]: Your public key has been saved in /etc/ssh/ssh_host_dsa_key.pub.
[   10.689842] cloud-init[0;32m  OK  [0m] Listening on UUID daemon activation socket.[972]: 
The key fingerprint is:
         [   10.692237] cloud-init[972]: SHA256:6jFhGqU+ewxZHRPALV4bOVRcCa9fLDmhzsAcNQ10Rx8 root@ubuntu-xenial
[   10.695473] cloud-init[972]: The key's randomart image is:
[   10.699005] cloud-init[972]: +---[DSA 1024]----+
[   10.700637] cloud-init[972]: |     ..+o*B=oooE |
[   10.701519] cloud-init[972]: |      o O..+o. ..|
[   10.703308] cloud-init[972]: |     ..+.*  o   .|
[   10.704285] cloud-init[972]: |     oooo. o +   |
[   10.704873] cloud-init[972]: |    ooo S o + o  |
[   10.706345] cloud-init[972]: |   .o+ o + . +   |
[   10.707107] cloud-init[972]: |    +o+   o .    |
[   10.708674] cloud-init[972]: |     +oo         |
[   10.709623] cloud-init[972]: |    ...          |
[   10.711093] cloud-init[972]: +----[SHA256]-----+
Starting Socket activation for snappy daemon.[   10.712973] cloud-init[972]: Generating public/private ecdsa key pair.
[   10.713984] cloud-init[972]: Your identification has been saved in /etc/ssh/ssh_host_ecdsa_key.

[   10.717082] cloud-init[972]: Your public key has been saved in /etc/ssh/ssh_host_ecdsa_key.pub.
[   10.718989] cloud-init[972]: The key fingerprint is:
[   10.722458] cloud-init[972]: SHA256:hJpprkKVD8FiRTA1FcdDyShjNSCa1w7p3tvoAAavD/o root@ubuntu-xenial
[   10.723365] cloud-init[972]: The key's randomart image is:
[   10.726887] cloud-init[972]: +---[ECDSA 256]---+
[   10.728088] cloud-init[972]: | +**+=*o.        |
[   10.729999] cloud-init[972]: |.+oO..o*         |
[   10.731137] cloud-init[972]: |= * * . o        |
[   10.733087] cloud-init[972]: |.+ * + .         |
[   10.734207] cloud-init[972]: |..+ O   S        |
[   10.736141] cloud-init[972]: |.= + .           |
[   10.737268] cloud-init[972]: |+ o o            |
[   10.739166] cloud-init[972]: |oo o +           |
[   10.740457] cloud-init[972]: |.oE.+ .          |
[   10.742400] cloud-init[972]: +----[SHA256]-----+
[   10.743514] cloud-init[972]: Generating public/private ed25519 key pair.
[   10.745442] cloud-init[972]: Your identification has been saved in /etc/ssh/ssh_host_ed25519_key.
[   10.747790] cloud-init[972]: Your public key has been saved in /etc/ssh/ssh_host_ed25519_key.pub.
[   10.750878] cloud-init[972]: The key fingerprint is:
[   10.753434] cloud-init[972]: SHA256:cVd2gJmvEkgX+Gz9t1hhchEdGmX8BLp3M9zytKE0vBA root@ubuntu-xenial
[   10.754669] cloud-init[972]: The key's randomart image is:
[   10.758372] cloud-init[972]: +--[ED25519 256]--+
[   10.759507] [[0;32m  OK  [0m] Started Daily Cleanup of Temporary Directories.
[[0;32m  OK  [0m] Listening on D-Bus System Message Bus Socket.
cloud-init[972]: |         ... =BB=|
         Starting LXD - unix socket.
[[0;32m  OK  [0m] Started Message of the Day.
[[0;32m  OK  [0m] Reached target Timers.
[[0;32m  OK  [0m] Listening on ACPID Listen Socket.
[   10.768607] cloud-init[[0;32m  OK  [0m] Started ACPI Events Check.
[[0;32m  OK  [0m] Reached target Paths.
[[0;32m  OK  [0m] Reached target Cloud-config availability.
[[972]: [0;32m  OK  [0m] Reached target Network is Online.
|        o . ++++o|
         Starting iSCSI initiator daemon (iscsid)...
[[0;32m  OK  [0m] Listening on Socket activation for snappy daemon.
[[0;32m  OK  [0m] Listening on LXD - unix socket.
[   10.805814] cloud-init[972]: |       ..=.Eoo .o|
[   10.810988] cloud-init[972]: |        .o=.+oo+o|
[[0;32m  OK  [0m] Reached target Sockets.
[[0;32m  OK  [0m] Reached target Basic System.
[   10.816918] cloud-init[972]: |        S. o.**==|
[   10.832405]          Starting LXD - container startup/shutdown...
cloud-init         Starting LSB: MD monitoring daemon...
         Starting LSB: Record successful boot for GRUB...
[[0;32m  OK  [0m] Started D-Bus System Message Bus.
[972]: |          . +.=**|
[   10.842574] cloud-init[972]: |           . oooo|
[   10.852742] cloud-init[972]: |             . . |
[   10.858918] cloud-init[972]: |                 |
[   10.865311] cloud-init[972]: +----[SHA256]-----+
         Starting Accounts Service...
[[0;32m  OK  [0m] Started ACPI event daemon.
[[0;32m  OK  [0m] Started Regular background program processing daemon.
         Starting Virtualbox guest utils...
[[0;32m  OK  [0m] Started Deferred execution scheduler.
         Starting System Logging Service...
[[0;32m  OK  [0m] Started FUSE filesystem for LXC.
         Starting Login Service...
         Starting Snappy daemon...
         Starting Pollinate to seed the pseudo random number generator...
         Starting /etc/rc.local Compatibility...
[[0;32m  OK  [0m] Started /etc/rc.local Compatibility.
[[0;32m  OK  [0m] Started iSCSI initiator daemon (iscsid).
[[0;32m  OK  [0m] Started System Logging Service.
[[0;32m  OK  [0m] Started LXD - container startup/shutdown.
[[0;32m  OK  [0m] Started LSB: Record successful boot for GRUB.
[[0;32m  OK  [0m] Started LSB: MD monitoring daemon.
         Starting Authenticate and Authorize Users to Run Privileged Tasks...
         Starting Login to default iSCSI targets...
[[0;32m  OK  [0m] Started Login Service.
[[0;32m  OK  [0m] Started Unattended Upgrades Shutdown.
[[0;32m  OK  [0m] Started Login to default iSCSI targets.
[[0;32m  OK  [0m] Started Authenticate and Authorize Users to Run Privileged Tasks.
[[0;32m  OK  [0m] Reached target Remote File Systems (Pre).
[[0;32m  OK  [0m] Reached target Remote File Systems.
         Starting LSB: automatic crash report generation...
         Starting LSB: daemon to balance interrupts for SMP systems...
         Starting LSB: Set the CPU Frequency Scaling governor to "ondemand"...
         Starting Permit User Sessions...
[[0;32m  OK  [0m] Started Permit User Sessions.
[[0;32m  OK  [0m] Started Accounts Service.
         Starting Hold until boot process finishes up...
         Starting Terminate Plymouth Boot Screen...
[[0;32m  OK  [0m] Started Hold until boot process finishes up.
[[0;32m  OK  [0m] Started Terminate Plymouth Boot Screen.
         Starting Set console scheme...
[[0;32m  OK  [0m] Started Serial Getty on ttyS0.
[[0;32m  OK  [0m] Started Getty on tty1.
[[0;32m  OK  [0m] Reached target Login Prompts.
[[0;32m  OK  [0m] Started LSB: automatic crash report generation.
[[0;32m  OK  [0m] Started LSB: Set the CPU Frequency Scaling governor to "ondemand".
[[0;32m  OK  [0m] Started Set console scheme.
[[0;32m  OK  [0m] Started LSB: daemon to balance interrupts for SMP systems.
[[0;32m  OK  [0m] Started Virtualbox guest utils.
[[0;32m  OK  [0m] Started Snappy daemon.
         Starting Wait until snapd is fully seeded...
[[0;32m  OK  [0m] Started Pollinate to seed the pseudo random number generator.
         Starting OpenBSD Secure Shell server...
[[0;32m  OK  [0m] Started OpenBSD Secure Shell server.
[[0;32m  OK  [0m] Created slice User Slice of vagrant.
         Starting User Manager for UID 1000...
[[0;32m  OK  [0m] Started Session 1 of user vagrant.
[[0;32m  OK  [0m] Started User Manager for UID 1000.

Ubuntu 16.04.6 LTS ubuntu-xenial ttyS0

ubuntu-xenial login: [   19.560213] cloud-init[1606]: Generating locales (this might take a while)...
[   20.576155] cloud-init[1606]:   en_US.UTF-8... done
[   20.578272] cloud-init[1606]: Generation complete.
[   20.913942] cloud-init[1606]: Cloud-init v. 19.2-36-g059d049c-0ubuntu2~16.04.1 running 'modules:config' at Wed, 13 Nov 2019 08:40:41 +0000. Up 19.39 seconds.
ci-info: no authorized ssh keys fingerprints found for user ubuntu.
<14>Nov 13 08:40:43 ec2: 
<14>Nov 13 08:40:43 ec2: #############################################################
<14>Nov 13 08:40:43 ec2: -----BEGIN SSH HOST KEY FINGERPRINTS-----
<14>Nov 13 08:40:43 ec2: 1024 SHA256:6jFhGqU+ewxZHRPALV4bOVRcCa9fLDmhzsAcNQ10Rx8 root@ubuntu-xenial (DSA)
<14>Nov 13 08:40:43 ec2: 256 SHA256:hJpprkKVD8FiRTA1FcdDyShjNSCa1w7p3tvoAAavD/o root@ubuntu-xenial (ECDSA)
<14>Nov 13 08:40:43 ec2: 256 SHA256:cVd2gJmvEkgX+Gz9t1hhchEdGmX8BLp3M9zytKE0vBA root@ubuntu-xenial (ED25519)
<14>Nov 13 08:40:43 ec2: 2048 SHA256:09U43Mug5gcd1Jshx9Tw5pKoeayTdr+PdF0JwylSccg root@ubuntu-xenial (RSA)
<14>Nov 13 08:40:43 ec2: -----END SSH HOST KEY FINGERPRINTS-----
<14>Nov 13 08:40:43 ec2: #############################################################
-----BEGIN SSH HOST KEY KEYS-----
ecdsa-sha2-nistp256 AAAAE2VjZHNhLXNoYTItbmlzdHAyNTYAAAAIbmlzdHAyNTYAAABBBN+hvcuR988pREkLDv7Kba/y7A5Bz7s3RYhu4zmVz4XkpgZSCPH03cyyqUWLv+cT76pYW/sdchNCUKFMDJAQnQI= root@ubuntu-xenial
ssh-ed25519 AAAAC3NzaC1lZDI1NTE5AAAAIFn6vnIXMVvUt/lhttge2tYD8OQuuwmsNcO/C4eYIkQS root@ubuntu-xenial
ssh-rsa AAAAB3NzaC1yc2EAAAADAQABAAABAQCdgDwo9/5W3yn9Q3hMOwDaIRfMUmH7wTvsSDiKuI0W5i6Tx/rG36IIgpuxuktNhOkLTcr3/LyHLyNizxt28pi0Sqyq6V/mMhGYoxA/0RhihHn6W6DoK47K0CbcaOGUy0QOChr4EOLEQZKKpGFTuutGs1XKNt8KFKlMzKqbowFKi8VXgg1zno9AK/0hgC6xVO49RRczntRN8UAwRYHB4TbLD/vLxTCzfM8elzOfK7YF44C8HQ3Ir/bHtOzZR9xqG/7dIhyoK+NUPQb40ZzZkK54PPvbk7PSiMiVzCVwVAEv5qKTAWToihYi41HgBs5SPqZ9E06+OWfA/j2GFdKgr7QB root@ubuntu-xenial
-----END SSH HOST KEY KEYS-----
[   21.504900] cloud-init[1747]: Cloud-init v. 19.2-36-g059d049c-0ubuntu2~16.04.1 running 'modules:final' at Wed, 13 Nov 2019 08:40:43 +0000. Up 21.32 seconds.
[   21.505296] cloud-init[1747]: ci-info: no authorized ssh keys fingerprints found for user ubuntu.
[   21.510309] cloud-init[1747]: Cloud-init v. 19.2-36-g059d049c-0ubuntu2~16.04.1 finished at Wed, 13 Nov 2019 08:40:43 +0000. Datasource DataSourceNoCloud [seed=/dev/sdb][dsmode=net].  Up 21.48 seconds
